<?xml version="1.0" encoding="UTF-8"?>
<!-- Generated by org.testng.reporters.JUnitReportReporter -->
<testsuite hostname="Padmanabhas-MacBook-Air.local" failures="0" tests="2" name="testcases.TestCase1" time="0.015" errors="0" timestamp="2022-12-17T18:50:15 IST" skipped="0">
  <testcase classname="testcases.TestCase1" name="doUserReg" time="0.010"/>
  <system-out/>
  <testcase classname="testcases.TestCase1" name="doLogin" time="0.005"/>
  <system-out/>
</testsuite> <!-- testcases.TestCase1 -->
