<?xml version="1.0" encoding="UTF-8"?>
<!-- Generated by org.testng.reporters.JUnitReportReporter -->
<testsuite hostname="Padmanabhas-MacBook-Air.local" failures="0" tests="2" name="regression.TestCase1" time="0.008" errors="0" timestamp="2022-12-18T13:54:23 IST" skipped="0">
  <testcase classname="regression.TestCase1" name="doUserReg" time="0.003"/>
  <system-out/>
  <testcase classname="regression.TestCase1" name="doLogin" time="0.005"/>
  <system-out/>
</testsuite> <!-- regression.TestCase1 -->
