<?xml version="1.0" encoding="UTF-8"?>
<!-- Generated by org.testng.reporters.JUnitReportReporter -->
<testsuite hostname="Padmanabhas-MacBook-Air.local" failures="0" tests="1" name="testcases.TestSkip" time="0.001" errors="0" timestamp="2022-12-18T13:54:23 IST" skipped="1">
  <testcase classname="testcases.TestSkip" name="isSkip" time="0.001">
    <skipped/>
  </testcase> <!-- isSkip -->
  <system-out/>
</testsuite> <!-- testcases.TestSkip -->
