<?xml version="1.0" encoding="UTF-8"?>
<!-- Generated by org.testng.reporters.JUnitReportReporter -->
<testsuite hostname="Padmanabhas-MacBook-Air.local" failures="0" tests="2" name="testcases.TestCase1" time="0.023" errors="0" timestamp="2022-12-18T14:10:19 IST" skipped="0">
  <testcase classname="testcases.TestCase1" name="doUserReg" time="0.016"/>
  <system-out/>
  <testcase classname="testcases.TestCase1" name="doLogin" time="0.007"/>
  <system-out/>
</testsuite> <!-- testcases.TestCase1 -->
