<?xml version="1.0" encoding="UTF-8"?>
<!-- Generated by org.testng.reporters.JUnitReportReporter -->
<testsuite hostname="Padmanabhas-MacBook-Air.local" failures="0" tests="4" name="testcases.TestCase3" time="0.019" errors="0" timestamp="2022-12-18T14:10:19 IST" skipped="0">
  <testcase classname="testcases.TestCase3" name="doUserReg" time="0.002"/>
  <system-out/>
  <testcase classname="testcases.TestCase3" name="doLogin" time="0.005"/>
  <system-out/>
  <testcase classname="testcases.TestCase3" name="thirdTest" time="0.005"/>
  <system-out/>
  <testcase classname="testcases.TestCase3" name="fourthTest" time="0.007"/>
  <system-out/>
</testsuite> <!-- testcases.TestCase3 -->
